16:21:54: Creating resource group General
16:21:54: Creating resource group Internal
16:21:54: Creating resource group Autodetect
16:21:54: SceneManagerFactory for type 'DefaultSceneManager' registered.
16:21:54: Registering ResourceManager for type Material
16:21:54: Registering ResourceManager for type Mesh
16:21:54: Registering ResourceManager for type Skeleton
16:21:54: MovableObjectFactory for type 'ParticleSystem' registered.
16:21:54: OverlayElementFactory for type Panel registered.
16:21:54: OverlayElementFactory for type BorderPanel registered.
16:21:54: OverlayElementFactory for type TextArea registered.
16:21:54: Registering ResourceManager for type Font
16:21:54: ArchiveFactory for archive type FileSystem registered.
16:21:54: ArchiveFactory for archive type Zip registered.
16:21:54: FreeImage version: 3.10.0
16:21:54: This program uses FreeImage, a free, open source image library supporting all common bitmap formats. See http://freeimage.sourceforge.net for details
16:21:54: Supported formats: bmp,ico,jpg,jif,jpeg,jpe,jng,koa,iff,lbm,mng,pbm,pbm,pcd,pcx,pgm,pgm,png,ppm,ppm,ras,tga,targa,tif,tiff,wap,wbmp,wbm,psd,cut,xbm,xpm,gif,hdr,g3,sgi,exr,j2k,j2c,jp2
16:21:54: DDS codec registering
16:21:54: Registering ResourceManager for type HighLevelGpuProgram
16:21:54: Registering ResourceManager for type Compositor
16:21:54: MovableObjectFactory for type 'Entity' registered.
16:21:54: MovableObjectFactory for type 'Light' registered.
16:21:54: MovableObjectFactory for type 'BillboardSet' registered.
16:21:54: MovableObjectFactory for type 'ManualObject' registered.
16:21:54: MovableObjectFactory for type 'BillboardChain' registered.
16:21:54: MovableObjectFactory for type 'RibbonTrail' registered.
16:21:54: Loading library .\RenderSystem_Direct3D9.dll
16:21:54: Installing plugin: D3D9 RenderSystem
16:21:54: D3D9 : Direct3D9 Rendering Subsystem created.
16:21:55: D3D9: Driver Detection Starts
16:21:55: D3D9: Driver Detection Ends
16:21:55: Plugin successfully installed
16:21:55: Loading library .\RenderSystem_GL.dll
16:21:55: Installing plugin: GL RenderSystem
16:21:55: OpenGL Rendering Subsystem created.
16:21:55: Plugin successfully installed
16:21:55: *-*-* OGRE Initialising
16:21:55: *-*-* Version 1.6.5 (Shoggoth)
16:21:55: Added resource location '../../Resources' of type 'FileSystem' to resource group 'General'
16:21:55: Added resource location '../../Resources/Graphics/Fonts' of type 'FileSystem' to resource group 'General'
16:21:55: Added resource location '../../Resources/Graphics/Shaders' of type 'FileSystem' to resource group 'General'
16:21:55: Added resource location '../../Resources/Graphics/Materials' of type 'FileSystem' to resource group 'General'
16:21:55: Added resource location '../../Resources/Graphics/Textures' of type 'FileSystem' to resource group 'General'
16:21:55: Added resource location '../../Resources/Graphics/Models' of type 'FileSystem' to resource group 'General'
16:21:55: Added resource location '../../Resources/Graphics/Overlays' of type 'FileSystem' to resource group 'General'
16:21:55: Added resource location '../../Resources/Graphics/Particles' of type 'FileSystem' to resource group 'General'
16:21:55: D3D9 : RenderSystem Option: Allow NVPerfHUD = No
16:21:55: D3D9 : RenderSystem Option: Anti aliasing = None
16:21:55: D3D9 : RenderSystem Option: Floating-point mode = Fastest
16:21:55: D3D9 : RenderSystem Option: Full Screen = Yes
16:21:55: D3D9 : RenderSystem Option: Rendering Device = NVIDIA GeForce 8800 GTS 512
16:21:55: D3D9 : RenderSystem Option: VSync = No
16:21:55: D3D9 : RenderSystem Option: Video Mode = 800 x 600 @ 32-bit colour
16:21:55: D3D9 : RenderSystem Option: sRGB Gamma Conversion = No
